<?xml version="1.0" encoding="UTF-8"?>
<testsuite xmlns:xsi="http://www.w3.org/2001/XMLSchema-instance" xsi:noNamespaceSchemaLocation="https://maven.apache.org/surefire/maven-surefire-plugin/xsd/surefire-test-report.xsd" name="task1.StringDifferenceTest" time="0.379" tests="3" errors="0" skipped="0" failures="0">
  <properties>
[...]
</properties>
  <testcase name="test_when_strings_are_same_length" classname="task1.StringDifferenceTest" time="0.058"/>
  <testcase name="test_when_strings_are_identical" classname="task1.StringDifferenceTest" time="0.008"/>
  <testcase name="test_when_strings_are_different_length" classname="task1.StringDifferenceTest" time="0.008"/>
</testsuite>